<?xml version="1.0" encoding="UTF-8"?>
<testng-results skipped="0" failed="0" total="1" passed="1">
  <reporter-output>
  </reporter-output>
  <suite name="Suite" duration-ms="35574" started-at="2019-07-02T12:13:01Z" finished-at="2019-07-02T12:13:37Z">
    <groups>
    </groups>
    <test name="Test" duration-ms="35574" started-at="2019-07-02T12:13:01Z" finished-at="2019-07-02T12:13:37Z">
      <class name="login.Amazonlogin">
        <test-method status="PASS" signature="login()[pri:0, instance:login.Amazonlogin@32e6e9c3]" name="login" duration-ms="35472" started-at="2019-07-02T17:43:01Z" finished-at="2019-07-02T17:43:37Z">
          <reporter-output>
          </reporter-output>
        </test-method> <!-- login -->
      </class> <!-- login.Amazonlogin -->
    </test> <!-- Test -->
  </suite> <!-- Suite -->
</testng-results>
